<?xml version="1.0" encoding="UTF-8"?>
<testng-results ignored="0" total="0" passed="0" failed="0" skipped="0">
  <reporter-output>
  </reporter-output>
  <suite started-at="2024-01-19T11:29:57 IST" name="mygroceryproject" finished-at="2024-01-19T11:29:57 IST" duration-ms="34">
    <groups>
    </groups>
    <test started-at="2024-01-19T11:29:57 IST" name="edgetest" finished-at="2024-01-19T11:29:57 IST" duration-ms="32">
    </test> <!-- edgetest -->
    <test started-at="2024-01-19T11:29:57 IST" name="chrometest" finished-at="2024-01-19T11:29:57 IST" duration-ms="34">
    </test> <!-- chrometest -->
    <test started-at="2024-01-19T11:29:57 IST" name="firefoxtest" finished-at="2024-01-19T11:29:57 IST" duration-ms="32">
    </test> <!-- firefoxtest -->
  </suite> <!-- mygroceryproject -->
</testng-results>
